CRITICAL - 2022-12-20 09:12:17 --> unlink(C:\wamp64\www\AI-ML\writable\debugbar/debugbar_1671497430.232268.json): No such file or directory
in SYSTEMPATH\Debug\Toolbar\Collectors\History.php on line 76.
 1 [internal function]: CodeIgniter\Debug\Exceptions->errorHandler(2, 'unlink(C:\\wamp64\\www\\AI-ML\\writable\\debugbar/debugbar_1671497430.232268.json): No such file or directory', 'SYSTEMPATH\\Debug\\Toolbar\\Collectors\\History.php', 76, [...])
 2 SYSTEMPATH\Debug\Toolbar\Collectors\History.php(76): unlink('ROOTPATH\\writable\\debugbar/debugbar_1671497430.232268.json')
 3 SYSTEMPATH\Debug\Toolbar.php(500): CodeIgniter\Debug\Toolbar\Collectors\History->setFiles('1671549137.529475', 20)
 4 SYSTEMPATH\Debug\Toolbar.php(477): CodeIgniter\Debug\Toolbar->format([...], 'html')
 5 APPPATH\Config\Events.php(46): CodeIgniter\Debug\Toolbar->respond()
 6 SYSTEMPATH\Events\Events.php(149): CodeIgniter\Events\Events::Config\{closure}()
 7 SYSTEMPATH\CodeIgniter.php(328): CodeIgniter\Events\Events::trigger('pre_system')
 8 FCPATH\index.php(67): CodeIgniter\CodeIgniter->run()
CRITICAL - 2022-12-20 11:23:47 --> Invalid file: documentos/docdetalle.php
in SYSTEMPATH\Exceptions\FrameworkException.php on line 33.
 1 SYSTEMPATH\View\View.php(201): CodeIgniter\Exceptions\FrameworkException::forInvalidFile('documentos/docdetalle.php')
 2 SYSTEMPATH\Common.php(1134): CodeIgniter\View\View->render('documentos/docdetalle', [], true)
 3 APPPATH\Controllers\Asas.php(26): view('documentos/docdetalle')
 4 SYSTEMPATH\CodeIgniter.php(927): App\Controllers\Asas->docdetalle()
 5 SYSTEMPATH\CodeIgniter.php(482): CodeIgniter\CodeIgniter->runController(Object(App\Controllers\Asas))
 6 SYSTEMPATH\CodeIgniter.php(351): CodeIgniter\CodeIgniter->handleRequest(null, Object(Config\Cache), false)
 7 FCPATH\index.php(67): CodeIgniter\CodeIgniter->run()
CRITICAL - 2022-12-20 11:25:27 --> Invalid file: documentos/docdetalle.php
in SYSTEMPATH\Exceptions\FrameworkException.php on line 33.
 1 SYSTEMPATH\View\View.php(201): CodeIgniter\Exceptions\FrameworkException::forInvalidFile('documentos/docdetalle.php')
 2 SYSTEMPATH\Common.php(1134): CodeIgniter\View\View->render('documentos/docdetalle', [], true)
 3 APPPATH\Controllers\Asas.php(26): view('documentos/docdetalle')
 4 SYSTEMPATH\CodeIgniter.php(927): App\Controllers\Asas->docdetalle()
 5 SYSTEMPATH\CodeIgniter.php(482): CodeIgniter\CodeIgniter->runController(Object(App\Controllers\Asas))
 6 SYSTEMPATH\CodeIgniter.php(351): CodeIgniter\CodeIgniter->handleRequest(null, Object(Config\Cache), false)
 7 FCPATH\index.php(67): CodeIgniter\CodeIgniter->run()
CRITICAL - 2022-12-20 11:25:46 --> Invalid file: documentos/docdetalle.php
in SYSTEMPATH\Exceptions\FrameworkException.php on line 33.
 1 SYSTEMPATH\View\View.php(201): CodeIgniter\Exceptions\FrameworkException::forInvalidFile('documentos/docdetalle.php')
 2 SYSTEMPATH\Common.php(1134): CodeIgniter\View\View->render('documentos/docdetalle', [], true)
 3 APPPATH\Controllers\Asas.php(26): view('documentos/docdetalle')
 4 SYSTEMPATH\CodeIgniter.php(927): App\Controllers\Asas->docdetalle()
 5 SYSTEMPATH\CodeIgniter.php(482): CodeIgniter\CodeIgniter->runController(Object(App\Controllers\Asas))
 6 SYSTEMPATH\CodeIgniter.php(351): CodeIgniter\CodeIgniter->handleRequest(null, Object(Config\Cache), false)
 7 FCPATH\index.php(67): CodeIgniter\CodeIgniter->run()
CRITICAL - 2022-12-20 11:28:29 --> Undefined variable: schema
in APPPATH\Views\clientes\docdetalle.php on line 7.
 1 APPPATH\Views\clientes\docdetalle.php(7): CodeIgniter\Debug\Exceptions->errorHandler(8, 'Undefined variable: schema', 'APPPATH\\Views\\clientes\\docdetalle.php', 7, [])
 2 SYSTEMPATH\View\View.php(213): include('APPPATH\\Views\\clientes\\docdetalle.php')
 3 SYSTEMPATH\View\View.php(216): CodeIgniter\View\View->CodeIgniter\View\{closure}()
 4 SYSTEMPATH\Common.php(1134): CodeIgniter\View\View->render('clientes/docdetalle', [], true)
 5 APPPATH\Controllers\Asas.php(26): view('clientes/docdetalle')
 6 SYSTEMPATH\CodeIgniter.php(927): App\Controllers\Asas->docdetalle()
 7 SYSTEMPATH\CodeIgniter.php(482): CodeIgniter\CodeIgniter->runController(Object(App\Controllers\Asas))
 8 SYSTEMPATH\CodeIgniter.php(351): CodeIgniter\CodeIgniter->handleRequest(null, Object(Config\Cache), false)
 9 FCPATH\index.php(67): CodeIgniter\CodeIgniter->run()
CRITICAL - 2022-12-20 11:32:08 --> odbc_exec(): SQL error: [SAP AG][LIBODBCHDB DLL][HDBODBC] Syntax error or access violation;257 sql syntax error: incorrect syntax near &quot;=&quot;: line 4 col 21 (at pos 218), SQL state 37000 in SQLExecDirect
in APPPATH\Views\funciones.php on line 76.
 1 [internal function]: CodeIgniter\Debug\Exceptions->errorHandler(2, 'odbc_exec(): SQL error: [SAP AG][LIBODBCHDB DLL][HDBODBC] Syntax error or access violation;257 sql syntax error: incorrect syntax near &quot;=&quot;: line 4 col 21 (at pos 218), SQL state 37000 in SQLExecDirect', 'APPPATH\\Views\\funciones.php', 76, [...])
 2 APPPATH\Views\funciones.php(76): odbc_exec(resource (odbc link), 'SELECT T0."DocNum", T1."ItemCode", T1."Dscription", T1."Quantity", T1."TotalSumSy", T1."Currency" 
FROM HN_FIBREMEX.OQUT T0 
    INNER JOIN HN_FIBREMEX.QUT1 T1 ON T0."DocEntry" = T1."DocEntry" 
WHERE T0."DocNum" = = \'397348\'')
 3 APPPATH\Views\funciones.php(173): db_SAP('SELECT T0."DocNum", T1."ItemCode", T1."Dscription", T1."Quantity", T1."TotalSumSy", T1."Currency" 
FROM HN_FIBREMEX.OQUT T0 
    INNER JOIN HN_FIBREMEX.QUT1 T1 ON T0."DocEntry" = T1."DocEntry" 
WHERE T0."DocNum" = = \'397348\'')
 4 APPPATH\Views\clientes\docdetalle.php(12): SAP_SQL('SELECT T0."DocNum", T1."ItemCode", T1."Dscription", T1."Quantity", T1."TotalSumSy", T1."Currency" 
FROM HN_FIBREMEX.OQUT T0 
    INNER JOIN HN_FIBREMEX.QUT1 T1 ON T0."DocEntry" = T1."DocEntry" 
WHERE T0."DocNum" = = \'397348\'')
 5 SYSTEMPATH\View\View.php(213): include('APPPATH\\Views\\clientes\\docdetalle.php')
 6 SYSTEMPATH\View\View.php(216): CodeIgniter\View\View->CodeIgniter\View\{closure}()
 7 SYSTEMPATH\Common.php(1134): CodeIgniter\View\View->render('clientes/docdetalle', [], true)
 8 APPPATH\Controllers\Asas.php(26): view('clientes/docdetalle')
 9 SYSTEMPATH\CodeIgniter.php(927): App\Controllers\Asas->docdetalle()
10 SYSTEMPATH\CodeIgniter.php(482): CodeIgniter\CodeIgniter->runController(Object(App\Controllers\Asas))
11 SYSTEMPATH\CodeIgniter.php(351): CodeIgniter\CodeIgniter->handleRequest(null, Object(Config\Cache), false)
12 FCPATH\index.php(67): CodeIgniter\CodeIgniter->run()
CRITICAL - 2022-12-20 11:32:52 --> odbc_fetch_array() expects parameter 1 to be resource, array given
in APPPATH\Views\clientes\docdetalle.php on line 24.
 1 [internal function]: CodeIgniter\Debug\Exceptions->errorHandler(2, 'odbc_fetch_array() expects parameter 1 to be resource, array given', 'APPPATH\\Views\\clientes\\docdetalle.php', 24, [...])
 2 APPPATH\Views\clientes\docdetalle.php(24): odbc_fetch_array([...])
 3 SYSTEMPATH\View\View.php(213): include('APPPATH\\Views\\clientes\\docdetalle.php')
 4 SYSTEMPATH\View\View.php(216): CodeIgniter\View\View->CodeIgniter\View\{closure}()
 5 SYSTEMPATH\Common.php(1134): CodeIgniter\View\View->render('clientes/docdetalle', [], true)
 6 APPPATH\Controllers\Asas.php(26): view('clientes/docdetalle')
 7 SYSTEMPATH\CodeIgniter.php(927): App\Controllers\Asas->docdetalle()
 8 SYSTEMPATH\CodeIgniter.php(482): CodeIgniter\CodeIgniter->runController(Object(App\Controllers\Asas))
 9 SYSTEMPATH\CodeIgniter.php(351): CodeIgniter\CodeIgniter->handleRequest(null, Object(Config\Cache), false)
10 FCPATH\index.php(67): CodeIgniter\CodeIgniter->run()
CRITICAL - 2022-12-20 11:34:56 --> odbc_fetch_array() expects parameter 1 to be resource, array given
in APPPATH\Views\clientes\docdetalle.php on line 24.
 1 [internal function]: CodeIgniter\Debug\Exceptions->errorHandler(2, 'odbc_fetch_array() expects parameter 1 to be resource, array given', 'APPPATH\\Views\\clientes\\docdetalle.php', 24, [...])
 2 APPPATH\Views\clientes\docdetalle.php(24): odbc_fetch_array([...])
 3 SYSTEMPATH\View\View.php(213): include('APPPATH\\Views\\clientes\\docdetalle.php')
 4 SYSTEMPATH\View\View.php(216): CodeIgniter\View\View->CodeIgniter\View\{closure}()
 5 SYSTEMPATH\Common.php(1134): CodeIgniter\View\View->render('clientes/docdetalle', [], true)
 6 APPPATH\Controllers\Asas.php(26): view('clientes/docdetalle')
 7 SYSTEMPATH\CodeIgniter.php(927): App\Controllers\Asas->docdetalle()
 8 SYSTEMPATH\CodeIgniter.php(482): CodeIgniter\CodeIgniter->runController(Object(App\Controllers\Asas))
 9 SYSTEMPATH\CodeIgniter.php(351): CodeIgniter\CodeIgniter->handleRequest(null, Object(Config\Cache), false)
10 FCPATH\index.php(67): CodeIgniter\CodeIgniter->run()
CRITICAL - 2022-12-20 12:15:28 --> Undefined index: Articulo
in APPPATH\Views\documentos\tablacomparativa.php on line 4.
 1 APPPATH\Views\documentos\tablacomparativa.php(4): CodeIgniter\Debug\Exceptions->errorHandler(8, 'Undefined index: Articulo', 'APPPATH\\Views\\documentos\\tablacomparativa.php', 4, [])
 2 SYSTEMPATH\View\View.php(213): include('APPPATH\\Views\\documentos\\tablacomparativa.php')
 3 SYSTEMPATH\View\View.php(216): CodeIgniter\View\View->CodeIgniter\View\{closure}()
 4 SYSTEMPATH\Common.php(1134): CodeIgniter\View\View->render('documentos/TablaComparativa', [], true)
 5 APPPATH\Controllers\DocNum.php(45): view('documentos/TablaComparativa')
 6 SYSTEMPATH\CodeIgniter.php(927): App\Controllers\DocNum->TablaComparativa()
 7 SYSTEMPATH\CodeIgniter.php(482): CodeIgniter\CodeIgniter->runController(Object(App\Controllers\DocNum))
 8 SYSTEMPATH\CodeIgniter.php(351): CodeIgniter\CodeIgniter->handleRequest(null, Object(Config\Cache), false)
 9 FCPATH\index.php(67): CodeIgniter\CodeIgniter->run()
CRITICAL - 2022-12-20 12:23:02 --> Undefined variable: DocNum
in APPPATH\Views\documentos\tablacomparativa.php on line 68.
 1 APPPATH\Views\documentos\tablacomparativa.php(68): CodeIgniter\Debug\Exceptions->errorHandler(8, 'Undefined variable: DocNum', 'APPPATH\\Views\\documentos\\tablacomparativa.php', 68, [...])
 2 SYSTEMPATH\View\View.php(213): include('APPPATH\\Views\\documentos\\tablacomparativa.php')
 3 SYSTEMPATH\View\View.php(216): CodeIgniter\View\View->CodeIgniter\View\{closure}()
 4 SYSTEMPATH\Common.php(1134): CodeIgniter\View\View->render('documentos/TablaComparativa', [], true)
 5 APPPATH\Controllers\DocNum.php(45): view('documentos/TablaComparativa')
 6 SYSTEMPATH\CodeIgniter.php(927): App\Controllers\DocNum->TablaComparativa()
 7 SYSTEMPATH\CodeIgniter.php(482): CodeIgniter\CodeIgniter->runController(Object(App\Controllers\DocNum))
 8 SYSTEMPATH\CodeIgniter.php(351): CodeIgniter\CodeIgniter->handleRequest(null, Object(Config\Cache), false)
 9 FCPATH\index.php(67): CodeIgniter\CodeIgniter->run()
CRITICAL - 2022-12-20 12:26:41 --> Undefined index: cc
in APPPATH\Views\documentos\tablacomparativa.php on line 22.
 1 APPPATH\Views\documentos\tablacomparativa.php(22): CodeIgniter\Debug\Exceptions->errorHandler(8, 'Undefined index: cc', 'APPPATH\\Views\\documentos\\tablacomparativa.php', 22, [...])
 2 SYSTEMPATH\View\View.php(213): include('APPPATH\\Views\\documentos\\tablacomparativa.php')
 3 SYSTEMPATH\View\View.php(216): CodeIgniter\View\View->CodeIgniter\View\{closure}()
 4 SYSTEMPATH\Common.php(1134): CodeIgniter\View\View->render('documentos/TablaComparativa', [], true)
 5 APPPATH\Controllers\DocNum.php(45): view('documentos/TablaComparativa')
 6 SYSTEMPATH\CodeIgniter.php(927): App\Controllers\DocNum->TablaComparativa()
 7 SYSTEMPATH\CodeIgniter.php(482): CodeIgniter\CodeIgniter->runController(Object(App\Controllers\DocNum))
 8 SYSTEMPATH\CodeIgniter.php(351): CodeIgniter\CodeIgniter->handleRequest(null, Object(Config\Cache), false)
 9 FCPATH\index.php(67): CodeIgniter\CodeIgniter->run()
CRITICAL - 2022-12-20 13:52:06 --> unlink(C:\wamp64\www\AI-ML\writable\debugbar/debugbar_1671560678.476323.json): No such file or directory
in SYSTEMPATH\Debug\Toolbar\Collectors\History.php on line 76.
 1 [internal function]: CodeIgniter\Debug\Exceptions->errorHandler(2, 'unlink(C:\\wamp64\\www\\AI-ML\\writable\\debugbar/debugbar_1671560678.476323.json): No such file or directory', 'SYSTEMPATH\\Debug\\Toolbar\\Collectors\\History.php', 76, [...])
 2 SYSTEMPATH\Debug\Toolbar\Collectors\History.php(76): unlink('ROOTPATH\\writable\\debugbar/debugbar_1671560678.476323.json')
 3 SYSTEMPATH\Debug\Toolbar.php(500): CodeIgniter\Debug\Toolbar\Collectors\History->setFiles('1671565926.230807', 20)
 4 SYSTEMPATH\Debug\Toolbar.php(477): CodeIgniter\Debug\Toolbar->format([...], 'html')
 5 APPPATH\Config\Events.php(46): CodeIgniter\Debug\Toolbar->respond()
 6 SYSTEMPATH\Events\Events.php(149): CodeIgniter\Events\Events::Config\{closure}()
 7 SYSTEMPATH\CodeIgniter.php(328): CodeIgniter\Events\Events::trigger('pre_system')
 8 FCPATH\index.php(67): CodeIgniter\CodeIgniter->run()
CRITICAL - 2022-12-20 13:53:34 --> Trying to access array offset on value of type bool
in APPPATH\Views\documentos\buscar.php on line 64.
 1 APPPATH\Views\documentos\buscar.php(64): CodeIgniter\Debug\Exceptions->errorHandler(8, 'Trying to access array offset on value of type bool', 'APPPATH\\Views\\documentos\\buscar.php', 64, [...])
 2 APPPATH\Views\documentos\buscar.php(54): buscar('425585', 'Fib', 'HN_FIBREMEX')
 3 SYSTEMPATH\View\View.php(213): include('APPPATH\\Views\\documentos\\buscar.php')
 4 SYSTEMPATH\View\View.php(216): CodeIgniter\View\View->CodeIgniter\View\{closure}()
 5 SYSTEMPATH\Common.php(1134): CodeIgniter\View\View->render('documentos/buscar', [], true)
 6 APPPATH\Controllers\DocNum.php(24): view('documentos/buscar')
 7 SYSTEMPATH\CodeIgniter.php(927): App\Controllers\DocNum->Buscar()
 8 SYSTEMPATH\CodeIgniter.php(482): CodeIgniter\CodeIgniter->runController(Object(App\Controllers\DocNum))
 9 SYSTEMPATH\CodeIgniter.php(351): CodeIgniter\CodeIgniter->handleRequest(null, Object(Config\Cache), false)
10 FCPATH\index.php(67): CodeIgniter\CodeIgniter->run()
CRITICAL - 2022-12-20 13:53:44 --> odbc_exec(): SQL error: [SAP AG][LIBODBCHDB DLL][HDBODBC] General error;339 invalid number: Failed to parse constant o, SQL state S1000 in SQLExecDirect
in APPPATH\Views\funciones.php on line 76.
 1 [internal function]: CodeIgniter\Debug\Exceptions->errorHandler(2, 'odbc_exec(): SQL error: [SAP AG][LIBODBCHDB DLL][HDBODBC] General error;339 invalid number: Failed to parse constant o, SQL state S1000 in SQLExecDirect', 'APPPATH\\Views\\funciones.php', 76, [...])
 2 APPPATH\Views\funciones.php(76): odbc_exec(resource (odbc link), 'SELECT T0."DocNum" "Cotizacion", T0."CardCode" "Codigo", T0."CardName" "Cliente", T0."DocDate" "Fecha",
	CASE WHEN T0."DocRate" = 1 THEN T0."SysRate" ELSE T0."DocRate" END "TC",
	(T0."DocTotalSy" - T0."VatSumSy") "SubTotal USD"
 FROM HN_FIBREMEX.OQUT T0
 WHERE T0."DocNum" = \'o\' 
')
 3 APPPATH\Views\funciones.php(188): db_SAP('SELECT T0."DocNum" "Cotizacion", T0."CardCode" "Codigo", T0."CardName" "Cliente", T0."DocDate" "Fecha",
	CASE WHEN T0."DocRate" = 1 THEN T0."SysRate" ELSE T0."DocRate" END "TC",
	(T0."DocTotalSy" - T0."VatSumSy") "SubTotal USD"
 FROM HN_FIBREMEX.OQUT T0
 WHERE T0."DocNum" = \'o\' 
')
 4 APPPATH\Views\documentos\buscar.php(61): ENCABEZADO('o', 'HN_FIBREMEX')
 5 APPPATH\Views\documentos\buscar.php(54): buscar('o', 'Fib', 'HN_FIBREMEX')
 6 SYSTEMPATH\View\View.php(213): include('APPPATH\\Views\\documentos\\buscar.php')
 7 SYSTEMPATH\View\View.php(216): CodeIgniter\View\View->CodeIgniter\View\{closure}()
 8 SYSTEMPATH\Common.php(1134): CodeIgniter\View\View->render('documentos/buscar', [], true)
 9 APPPATH\Controllers\DocNum.php(24): view('documentos/buscar')
10 SYSTEMPATH\CodeIgniter.php(927): App\Controllers\DocNum->Buscar()
11 SYSTEMPATH\CodeIgniter.php(482): CodeIgniter\CodeIgniter->runController(Object(App\Controllers\DocNum))
12 SYSTEMPATH\CodeIgniter.php(351): CodeIgniter\CodeIgniter->handleRequest(null, Object(Config\Cache), false)
13 FCPATH\index.php(67): CodeIgniter\CodeIgniter->run()
CRITICAL - 2022-12-20 13:53:44 --> odbc_exec(): SQL error: [SAP AG][LIBODBCHDB DLL][HDBODBC] General error;339 invalid number: Failed to parse constant op, SQL state S1000 in SQLExecDirect
in APPPATH\Views\funciones.php on line 76.
 1 [internal function]: CodeIgniter\Debug\Exceptions->errorHandler(2, 'odbc_exec(): SQL error: [SAP AG][LIBODBCHDB DLL][HDBODBC] General error;339 invalid number: Failed to parse constant op, SQL state S1000 in SQLExecDirect', 'APPPATH\\Views\\funciones.php', 76, [...])
 2 APPPATH\Views\funciones.php(76): odbc_exec(resource (odbc link), 'SELECT T0."DocNum" "Cotizacion", T0."CardCode" "Codigo", T0."CardName" "Cliente", T0."DocDate" "Fecha",
	CASE WHEN T0."DocRate" = 1 THEN T0."SysRate" ELSE T0."DocRate" END "TC",
	(T0."DocTotalSy" - T0."VatSumSy") "SubTotal USD"
 FROM HN_FIBREMEX.OQUT T0
 WHERE T0."DocNum" = \'op\' 
')
 3 APPPATH\Views\funciones.php(188): db_SAP('SELECT T0."DocNum" "Cotizacion", T0."CardCode" "Codigo", T0."CardName" "Cliente", T0."DocDate" "Fecha",
	CASE WHEN T0."DocRate" = 1 THEN T0."SysRate" ELSE T0."DocRate" END "TC",
	(T0."DocTotalSy" - T0."VatSumSy") "SubTotal USD"
 FROM HN_FIBREMEX.OQUT T0
 WHERE T0."DocNum" = \'op\' 
')
 4 APPPATH\Views\documentos\buscar.php(61): ENCABEZADO('op', 'HN_FIBREMEX')
 5 APPPATH\Views\documentos\buscar.php(54): buscar('op', 'Fib', 'HN_FIBREMEX')
 6 SYSTEMPATH\View\View.php(213): include('APPPATH\\Views\\documentos\\buscar.php')
 7 SYSTEMPATH\View\View.php(216): CodeIgniter\View\View->CodeIgniter\View\{closure}()
 8 SYSTEMPATH\Common.php(1134): CodeIgniter\View\View->render('documentos/buscar', [], true)
 9 APPPATH\Controllers\DocNum.php(24): view('documentos/buscar')
10 SYSTEMPATH\CodeIgniter.php(927): App\Controllers\DocNum->Buscar()
11 SYSTEMPATH\CodeIgniter.php(482): CodeIgniter\CodeIgniter->runController(Object(App\Controllers\DocNum))
12 SYSTEMPATH\CodeIgniter.php(351): CodeIgniter\CodeIgniter->handleRequest(null, Object(Config\Cache), false)
13 FCPATH\index.php(67): CodeIgniter\CodeIgniter->run()
CRITICAL - 2022-12-20 13:53:45 --> odbc_exec(): SQL error: [SAP AG][LIBODBCHDB DLL][HDBODBC] General error;339 invalid number: Failed to parse constant opt, SQL state S1000 in SQLExecDirect
in APPPATH\Views\funciones.php on line 76.
 1 [internal function]: CodeIgniter\Debug\Exceptions->errorHandler(2, 'odbc_exec(): SQL error: [SAP AG][LIBODBCHDB DLL][HDBODBC] General error;339 invalid number: Failed to parse constant opt, SQL state S1000 in SQLExecDirect', 'APPPATH\\Views\\funciones.php', 76, [...])
 2 APPPATH\Views\funciones.php(76): odbc_exec(resource (odbc link), 'SELECT T0."DocNum" "Cotizacion", T0."CardCode" "Codigo", T0."CardName" "Cliente", T0."DocDate" "Fecha",
	CASE WHEN T0."DocRate" = 1 THEN T0."SysRate" ELSE T0."DocRate" END "TC",
	(T0."DocTotalSy" - T0."VatSumSy") "SubTotal USD"
 FROM HN_FIBREMEX.OQUT T0
 WHERE T0."DocNum" = \'opt\' 
')
 3 APPPATH\Views\funciones.php(188): db_SAP('SELECT T0."DocNum" "Cotizacion", T0."CardCode" "Codigo", T0."CardName" "Cliente", T0."DocDate" "Fecha",
	CASE WHEN T0."DocRate" = 1 THEN T0."SysRate" ELSE T0."DocRate" END "TC",
	(T0."DocTotalSy" - T0."VatSumSy") "SubTotal USD"
 FROM HN_FIBREMEX.OQUT T0
 WHERE T0."DocNum" = \'opt\' 
')
 4 APPPATH\Views\documentos\buscar.php(61): ENCABEZADO('opt', 'HN_FIBREMEX')
 5 APPPATH\Views\documentos\buscar.php(54): buscar('opt', 'Fib', 'HN_FIBREMEX')
 6 SYSTEMPATH\View\View.php(213): include('APPPATH\\Views\\documentos\\buscar.php')
 7 SYSTEMPATH\View\View.php(216): CodeIgniter\View\View->CodeIgniter\View\{closure}()
 8 SYSTEMPATH\Common.php(1134): CodeIgniter\View\View->render('documentos/buscar', [], true)
 9 APPPATH\Controllers\DocNum.php(24): view('documentos/buscar')
10 SYSTEMPATH\CodeIgniter.php(927): App\Controllers\DocNum->Buscar()
11 SYSTEMPATH\CodeIgniter.php(482): CodeIgniter\CodeIgniter->runController(Object(App\Controllers\DocNum))
12 SYSTEMPATH\CodeIgniter.php(351): CodeIgniter\CodeIgniter->handleRequest(null, Object(Config\Cache), false)
13 FCPATH\index.php(67): CodeIgniter\CodeIgniter->run()
CRITICAL - 2022-12-20 13:53:45 --> odbc_exec(): SQL error: [SAP AG][LIBODBCHDB DLL][HDBODBC] General error;339 invalid number: Failed to parse constant optr, SQL state S1000 in SQLExecDirect
in APPPATH\Views\funciones.php on line 76.
 1 [internal function]: CodeIgniter\Debug\Exceptions->errorHandler(2, 'odbc_exec(): SQL error: [SAP AG][LIBODBCHDB DLL][HDBODBC] General error;339 invalid number: Failed to parse constant optr, SQL state S1000 in SQLExecDirect', 'APPPATH\\Views\\funciones.php', 76, [...])
 2 APPPATH\Views\funciones.php(76): odbc_exec(resource (odbc link), 'SELECT T0."DocNum" "Cotizacion", T0."CardCode" "Codigo", T0."CardName" "Cliente", T0."DocDate" "Fecha",
	CASE WHEN T0."DocRate" = 1 THEN T0."SysRate" ELSE T0."DocRate" END "TC",
	(T0."DocTotalSy" - T0."VatSumSy") "SubTotal USD"
 FROM HN_FIBREMEX.OQUT T0
 WHERE T0."DocNum" = \'optr\' 
')
 3 APPPATH\Views\funciones.php(188): db_SAP('SELECT T0."DocNum" "Cotizacion", T0."CardCode" "Codigo", T0."CardName" "Cliente", T0."DocDate" "Fecha",
	CASE WHEN T0."DocRate" = 1 THEN T0."SysRate" ELSE T0."DocRate" END "TC",
	(T0."DocTotalSy" - T0."VatSumSy") "SubTotal USD"
 FROM HN_FIBREMEX.OQUT T0
 WHERE T0."DocNum" = \'optr\' 
')
 4 APPPATH\Views\documentos\buscar.php(61): ENCABEZADO('optr', 'HN_FIBREMEX')
 5 APPPATH\Views\documentos\buscar.php(54): buscar('optr', 'Fib', 'HN_FIBREMEX')
 6 SYSTEMPATH\View\View.php(213): include('APPPATH\\Views\\documentos\\buscar.php')
 7 SYSTEMPATH\View\View.php(216): CodeIgniter\View\View->CodeIgniter\View\{closure}()
 8 SYSTEMPATH\Common.php(1134): CodeIgniter\View\View->render('documentos/buscar', [], true)
 9 APPPATH\Controllers\DocNum.php(24): view('documentos/buscar')
10 SYSTEMPATH\CodeIgniter.php(927): App\Controllers\DocNum->Buscar()
11 SYSTEMPATH\CodeIgniter.php(482): CodeIgniter\CodeIgniter->runController(Object(App\Controllers\DocNum))
12 SYSTEMPATH\CodeIgniter.php(351): CodeIgniter\CodeIgniter->handleRequest(null, Object(Config\Cache), false)
13 FCPATH\index.php(67): CodeIgniter\CodeIgniter->run()
CRITICAL - 2022-12-20 13:54:53 --> Trying to access array offset on value of type bool
in APPPATH\Views\documentos\buscar.php on line 64.
 1 APPPATH\Views\documentos\buscar.php(64): CodeIgniter\Debug\Exceptions->errorHandler(8, 'Trying to access array offset on value of type bool', 'APPPATH\\Views\\documentos\\buscar.php', 64, [...])
 2 APPPATH\Views\documentos\buscar.php(54): buscar('411111', 'Fib', 'HN_FIBREMEX')
 3 SYSTEMPATH\View\View.php(213): include('APPPATH\\Views\\documentos\\buscar.php')
 4 SYSTEMPATH\View\View.php(216): CodeIgniter\View\View->CodeIgniter\View\{closure}()
 5 SYSTEMPATH\Common.php(1134): CodeIgniter\View\View->render('documentos/buscar', [], true)
 6 APPPATH\Controllers\DocNum.php(24): view('documentos/buscar')
 7 SYSTEMPATH\CodeIgniter.php(927): App\Controllers\DocNum->Buscar()
 8 SYSTEMPATH\CodeIgniter.php(482): CodeIgniter\CodeIgniter->runController(Object(App\Controllers\DocNum))
 9 SYSTEMPATH\CodeIgniter.php(351): CodeIgniter\CodeIgniter->handleRequest(null, Object(Config\Cache), false)
10 FCPATH\index.php(67): CodeIgniter\CodeIgniter->run()
CRITICAL - 2022-12-20 13:54:53 --> Trying to access array offset on value of type bool
in APPPATH\Views\documentos\buscar.php on line 64.
 1 APPPATH\Views\documentos\buscar.php(64): CodeIgniter\Debug\Exceptions->errorHandler(8, 'Trying to access array offset on value of type bool', 'APPPATH\\Views\\documentos\\buscar.php', 64, [...])
 2 APPPATH\Views\documentos\buscar.php(54): buscar('4111111', 'Fib', 'HN_FIBREMEX')
 3 SYSTEMPATH\View\View.php(213): include('APPPATH\\Views\\documentos\\buscar.php')
 4 SYSTEMPATH\View\View.php(216): CodeIgniter\View\View->CodeIgniter\View\{closure}()
 5 SYSTEMPATH\Common.php(1134): CodeIgniter\View\View->render('documentos/buscar', [], true)
 6 APPPATH\Controllers\DocNum.php(24): view('documentos/buscar')
 7 SYSTEMPATH\CodeIgniter.php(927): App\Controllers\DocNum->Buscar()
 8 SYSTEMPATH\CodeIgniter.php(482): CodeIgniter\CodeIgniter->runController(Object(App\Controllers\DocNum))
 9 SYSTEMPATH\CodeIgniter.php(351): CodeIgniter\CodeIgniter->handleRequest(null, Object(Config\Cache), false)
10 FCPATH\index.php(67): CodeIgniter\CodeIgniter->run()
CRITICAL - 2022-12-20 13:54:54 --> Trying to access array offset on value of type bool
in APPPATH\Views\documentos\buscar.php on line 64.
 1 APPPATH\Views\documentos\buscar.php(64): CodeIgniter\Debug\Exceptions->errorHandler(8, 'Trying to access array offset on value of type bool', 'APPPATH\\Views\\documentos\\buscar.php', 64, [...])
 2 APPPATH\Views\documentos\buscar.php(54): buscar('411111', 'Fib', 'HN_FIBREMEX')
 3 SYSTEMPATH\View\View.php(213): include('APPPATH\\Views\\documentos\\buscar.php')
 4 SYSTEMPATH\View\View.php(216): CodeIgniter\View\View->CodeIgniter\View\{closure}()
 5 SYSTEMPATH\Common.php(1134): CodeIgniter\View\View->render('documentos/buscar', [], true)
 6 APPPATH\Controllers\DocNum.php(24): view('documentos/buscar')
 7 SYSTEMPATH\CodeIgniter.php(927): App\Controllers\DocNum->Buscar()
 8 SYSTEMPATH\CodeIgniter.php(482): CodeIgniter\CodeIgniter->runController(Object(App\Controllers\DocNum))
 9 SYSTEMPATH\CodeIgniter.php(351): CodeIgniter\CodeIgniter->handleRequest(null, Object(Config\Cache), false)
10 FCPATH\index.php(67): CodeIgniter\CodeIgniter->run()
CRITICAL - 2022-12-20 15:22:06 --> unlink(C:\wamp64\www\AI-ML\writable\debugbar/debugbar_1671570948.158222.json): No such file or directory
in SYSTEMPATH\Debug\Toolbar\Collectors\History.php on line 76.
 1 [internal function]: CodeIgniter\Debug\Exceptions->errorHandler(2, 'unlink(C:\\wamp64\\www\\AI-ML\\writable\\debugbar/debugbar_1671570948.158222.json): No such file or directory', 'SYSTEMPATH\\Debug\\Toolbar\\Collectors\\History.php', 76, [...])
 2 SYSTEMPATH\Debug\Toolbar\Collectors\History.php(76): unlink('ROOTPATH\\writable\\debugbar/debugbar_1671570948.158222.json')
 3 SYSTEMPATH\Debug\Toolbar.php(500): CodeIgniter\Debug\Toolbar\Collectors\History->setFiles('1671571325.900909', 20)
 4 SYSTEMPATH\Debug\Toolbar.php(477): CodeIgniter\Debug\Toolbar->format([...], 'html')
 5 APPPATH\Config\Events.php(46): CodeIgniter\Debug\Toolbar->respond()
 6 SYSTEMPATH\Events\Events.php(149): CodeIgniter\Events\Events::Config\{closure}()
 7 SYSTEMPATH\CodeIgniter.php(328): CodeIgniter\Events\Events::trigger('pre_system')
 8 FCPATH\index.php(67): CodeIgniter\CodeIgniter->run()
CRITICAL - 2022-12-20 15:24:08 --> unlink(C:\wamp64\www\AI-ML\writable\debugbar/debugbar_1671571083.737170.json): No such file or directory
in SYSTEMPATH\Debug\Toolbar\Collectors\History.php on line 76.
 1 [internal function]: CodeIgniter\Debug\Exceptions->errorHandler(2, 'unlink(C:\\wamp64\\www\\AI-ML\\writable\\debugbar/debugbar_1671571083.737170.json): No such file or directory', 'SYSTEMPATH\\Debug\\Toolbar\\Collectors\\History.php', 76, [...])
 2 SYSTEMPATH\Debug\Toolbar\Collectors\History.php(76): unlink('ROOTPATH\\writable\\debugbar/debugbar_1671571083.737170.json')
 3 SYSTEMPATH\Debug\Toolbar.php(500): CodeIgniter\Debug\Toolbar\Collectors\History->setFiles('1671571447.575677', 20)
 4 SYSTEMPATH\Debug\Toolbar.php(477): CodeIgniter\Debug\Toolbar->format([...], 'html')
 5 APPPATH\Config\Events.php(46): CodeIgniter\Debug\Toolbar->respond()
 6 SYSTEMPATH\Events\Events.php(149): CodeIgniter\Events\Events::Config\{closure}()
 7 SYSTEMPATH\CodeIgniter.php(328): CodeIgniter\Events\Events::trigger('pre_system')
 8 FCPATH\index.php(67): CodeIgniter\CodeIgniter->run()
