ERROR - 2023-03-09 13:23:23 --> mysqli_sql_exception: Table 'ai-ml.t_blog' doesn't exist in C:\wamp64\www\AdminLTE-CodeIgniter\vendor\codeigniter4\framework\system\Database\MySQLi\Connection.php:292
Stack trace:
#0 C:\wamp64\www\AdminLTE-CodeIgniter\vendor\codeigniter4\framework\system\Database\MySQLi\Connection.php(292): mysqli->query('select * from t...', 0)
#1 C:\wamp64\www\AdminLTE-CodeIgniter\vendor\codeigniter4\framework\system\Database\BaseConnection.php(666): CodeIgniter\Database\MySQLi\Connection->execute('select * from t...')
#2 C:\wamp64\www\AdminLTE-CodeIgniter\vendor\codeigniter4\framework\system\Database\BaseConnection.php(593): CodeIgniter\Database\BaseConnection->simpleQuery('select * from t...')
#3 C:\wamp64\www\AdminLTE-CodeIgniter\app\Models\blogs.php(21): CodeIgniter\Database\BaseConnection->query('select * from t...')
#4 C:\wamp64\www\AdminLTE-CodeIgniter\app\Controllers\Blog.php(75): App\Models\Blogs->listarBlogs()
#5 C:\wamp64\www\AdminLTE-CodeIgniter\vendor\codeigniter4\framework\system\CodeIgniter.php(927): App\Controllers\Blog->blog()
#6 C:\wamp64\www\AdminLTE-CodeIgniter\vendor\codeigniter4\framework\system\CodeIgniter.php(482): CodeIgniter\CodeIgniter->runController(Object(App\Controllers\Blog))
#7 C:\wamp64\www\AdminLTE-CodeIgniter\vendor\codeigniter4\framework\system\CodeIgniter.php(351): CodeIgniter\CodeIgniter->handleRequest(NULL, Object(Config\Cache), false)
#8 C:\wamp64\www\AdminLTE-CodeIgniter\public\index.php(67): CodeIgniter\CodeIgniter->run()
#9 {main}
CRITICAL - 2023-03-09 13:23:23 --> Table 'ai-ml.t_blog' doesn't exist
in SYSTEMPATH\Database\MySQLi\Connection.php on line 292.
 1 SYSTEMPATH\Database\MySQLi\Connection.php(292): mysqli->query('select * from t_blog', 0)
 2 SYSTEMPATH\Database\BaseConnection.php(666): CodeIgniter\Database\MySQLi\Connection->execute('select * from t_blog')
 3 SYSTEMPATH\Database\BaseConnection.php(593): CodeIgniter\Database\BaseConnection->simpleQuery('select * from t_blog')
 4 APPPATH\Models\blogs.php(21): CodeIgniter\Database\BaseConnection->query('select * from t_blog')
 5 APPPATH\Controllers\Blog.php(75): App\Models\Blogs->listarBlogs()
 6 SYSTEMPATH\CodeIgniter.php(927): App\Controllers\Blog->blog()
 7 SYSTEMPATH\CodeIgniter.php(482): CodeIgniter\CodeIgniter->runController(Object(App\Controllers\Blog))
 8 SYSTEMPATH\CodeIgniter.php(351): CodeIgniter\CodeIgniter->handleRequest(null, Object(Config\Cache), false)
 9 FCPATH\index.php(67): CodeIgniter\CodeIgniter->run()
CRITICAL - 2023-03-09 13:26:45 --> Trying to access array offset on value of type null
in APPPATH\Views\usuarios\actualizar.php on line 17.
 1 APPPATH\Views\usuarios\actualizar.php(17): CodeIgniter\Debug\Exceptions->errorHandler(8, 'Trying to access array offset on value of type null', 'APPPATH\\Views\\usuarios\\actualizar.php', 17, [...])
 2 SYSTEMPATH\View\View.php(213): include('APPPATH\\Views\\usuarios\\actualizar.php')
 3 SYSTEMPATH\View\View.php(216): CodeIgniter\View\View->CodeIgniter\View\{closure}()
 4 SYSTEMPATH\Common.php(1134): CodeIgniter\View\View->render('usuarios/actualizar', [], true)
 5 APPPATH\Controllers\Home.php(119): view('usuarios/actualizar')
 6 SYSTEMPATH\CodeIgniter.php(927): App\Controllers\Home->useractualizar()
 7 SYSTEMPATH\CodeIgniter.php(482): CodeIgniter\CodeIgniter->runController(Object(App\Controllers\Home))
 8 SYSTEMPATH\CodeIgniter.php(351): CodeIgniter\CodeIgniter->handleRequest(null, Object(Config\Cache), false)
 9 FCPATH\index.php(67): CodeIgniter\CodeIgniter->run()
